<?xml version="1.0" encoding="UTF-8"?>
<!-- Generated by org.testng.reporters.JUnitReportReporter -->
<testsuite hostname="Shumi-Shehzaad" failures="0" tests="1" name="runner_class.RunEMI_Calculator" time="23.960" errors="0" timestamp="2022-02-02T15:01:36 EST" skipped="0">
  <testcase classname="runner_class.RunEMI_Calculator" name="myTest" time="23.960"/>
  <system-out/>
</testsuite> <!-- runner_class.RunEMI_Calculator -->
