<?xml version="1.0" encoding="UTF-8"?>
<!-- Generated by org.testng.reporters.JUnitReportReporter -->
<testsuite hostname="Shumi-Shehzaad" failures="0" tests="5" name="testCases.RunEMI_Calculator" time="123.103" errors="0" timestamp="2022-02-05T21:24:45 EST" skipped="0">
  <testcase classname="testCases.RunEMI_Calculator" name="myTest" time="23.346"/>
  <system-out/>
  <testcase classname="testCases.RunEMI_Calculator" name="myTest" time="23.434"/>
  <system-out/>
  <testcase classname="testCases.RunEMI_Calculator" name="myTest" time="23.350"/>
  <system-out/>
  <testcase classname="testCases.RunEMI_Calculator" name="myTest" time="30.165"/>
  <system-out/>
  <testcase classname="testCases.RunEMI_Calculator" name="myTest" time="22.808"/>
  <system-out/>
</testsuite> <!-- testCases.RunEMI_Calculator -->
