<?xml version="1.0" encoding="UTF-8"?>
<!-- Generated by org.testng.reporters.JUnitReportReporter -->
<testsuite hostname="Shumi-Shehzaad" failures="0" tests="4" name="runner_class.fortest" time="0.008" errors="0" timestamp="2022-02-02T00:44:45 EST" skipped="0">
  <testcase classname="runner_class.fortest" name="test" time="0.005"/>
  <system-out/>
  <testcase classname="runner_class.fortest" name="test" time="0.001"/>
  <system-out/>
  <testcase classname="runner_class.fortest" name="test" time="0.001"/>
  <system-out/>
  <testcase classname="runner_class.fortest" name="test" time="0.001"/>
  <system-out/>
</testsuite> <!-- runner_class.fortest -->
