<?xml version="1.0" encoding="UTF-8"?>
<!-- Generated by org.testng.reporters.JUnitReportReporter -->
<testsuite hostname="Shumi-Shehzaad" failures="0" tests="2" name="runner_class.TestEMIwithoutPOM" time="0.008" errors="0" timestamp="2022-02-02T00:46:00 EST" skipped="0">
  <testcase classname="runner_class.TestEMIwithoutPOM" name="print" time="0.001"/>
  <system-out/>
  <testcase classname="runner_class.TestEMIwithoutPOM" name="print" time="0.007"/>
  <system-out/>
</testsuite> <!-- runner_class.TestEMIwithoutPOM -->
